<?xml version="1.0" encoding="UTF-8"?>
<!-- Generated by org.testng.reporters.JUnitReportReporter -->
<testsuite hostname="God" failures="0" tests="34" name="test.TestWeb" time="76.232" errors="0" timestamp="2024-08-03T16:17:48 ICT" skipped="0">
  <testcase classname="test.TestWeb" name="testLoginWithEmptyUsername" time="1.123"/>
  <testcase classname="test.TestWeb" name="testLoginWithAccountHasNotBeenReigstered3" time="1.112"/>
  <testcase classname="test.TestWeb" name="testLoginWithAccountHasNotBeenReigstered" time="1.143"/>
  <testcase classname="test.TestWeb" name="testRegisterFullNameEmpty" time="1.178"/>
  <testcase classname="test.TestWeb" name="testRegister" time="1.462"/>
  <testcase classname="test.TestWeb" name="testUserFormSubmission" time="2.937"/>
  <testcase classname="test.TestWeb" name="testUserFormWithUserRoleEmptyPassword" time="0.947"/>
  <testcase classname="test.TestWeb" name="testUserFormSubmissionConflict" time="5.561"/>
  <testcase classname="test.TestWeb" name="testUserFormSubmissionUsernameEmpty" time="2.685"/>
  <testcase classname="test.TestWeb" name="testUserFormSubmissionPasswordEmpty" time="2.556"/>
  <testcase classname="test.TestWeb" name="testLoginWithEmptyPasswordAndEmptyUsername" time="1.046"/>
  <testcase classname="test.TestWeb" name="testRegisterNotEqualPasswordAndConfirm" time="1.335"/>
  <testcase classname="test.TestWeb" name="checkTitleUserManagement" time="20.106"/>
  <testcase classname="test.TestWeb" name="testRegisterPasswordEmpty" time="1.323"/>
  <testcase classname="test.TestWeb" name="testLoginSuccessfullyCheckEnterManagement" time="1.340"/>
  <testcase classname="test.TestWeb" name="testUserFormWithUserHasNotBeernREgistered" time="0.886"/>
  <testcase classname="test.TestWeb" name="checkTitle" time="0.358"/>
  <testcase classname="test.TestWeb" name="testUserFormWithUserRoleEmptyUsername" time="1.261"/>
  <testcase classname="test.TestWeb" name="testLoginSuccessfullyCheckManagement" time="1.283"/>
  <testcase classname="test.TestWeb" name="testRegisterAllEmpty" time="0.933"/>
  <testcase classname="test.TestWeb" name="testResetButton" time="2.542"/>
  <testcase classname="test.TestWeb" name="testLoginSuccessfullyChecTitle" time="1.257"/>
  <testcase classname="test.TestWeb" name="testUserFormWithUserRole" time="0.981"/>
  <testcase classname="test.TestWeb" name="testLoginSuccessfullyCheckWelcome" time="1.277"/>
  <testcase classname="test.TestWeb" name="testLoginWithAccountHasNotBeenReigstered1" time="1.053"/>
  <testcase classname="test.TestWeb" name="testLoginWithAccountHasNotBeenReigstered2" time="1.163"/>
  <testcase classname="test.TestWeb" name="testSession" time="2.451"/>
  <testcase classname="test.TestWeb" name="testUserFormSubmissionEmailEmpty" time="3.662"/>
  <testcase classname="test.TestWeb" name="testUserFormSubmissionFullnameEmpty" time="3.486"/>
  <testcase classname="test.TestWeb" name="testLoginWithEmptyPassword" time="0.991"/>
  <testcase classname="test.TestWeb" name="testUserFormSubmissionAllEmpty" time="3.320"/>
  <testcase classname="test.TestWeb" name="testLoginSuccessfullyCheckTitle" time="1.358"/>
  <testcase classname="test.TestWeb" name="testLoginWr" time="0.874"/>
  <testcase classname="test.TestWeb" name="testRegisterUsernameEmpty" time="1.242"/>
</testsuite> <!-- test.TestWeb -->
